2022-02-16T14:16:26,265 - CPUUtilization.Percent:100.0|#Level:Host|#hostname:DESKTOP-AOFSBVV,timestamp:1644988586
2022-02-16T14:16:26,287 - DiskAvailable.Gigabytes:13.283626556396484|#Level:Host|#hostname:DESKTOP-AOFSBVV,timestamp:1644988586
2022-02-16T14:16:26,292 - DiskUsage.Gigabytes:219.56109619140625|#Level:Host|#hostname:DESKTOP-AOFSBVV,timestamp:1644988586
2022-02-16T14:16:26,295 - DiskUtilization.Percent:94.3|#Level:Host|#hostname:DESKTOP-AOFSBVV,timestamp:1644988586
2022-02-16T14:16:26,296 - MemoryAvailable.Megabytes:4476.35546875|#Level:Host|#hostname:DESKTOP-AOFSBVV,timestamp:1644988586
2022-02-16T14:16:26,298 - MemoryUsed.Megabytes:11701.65234375|#Level:Host|#hostname:DESKTOP-AOFSBVV,timestamp:1644988586
2022-02-16T14:16:26,300 - MemoryUtilization.Percent:72.3|#Level:Host|#hostname:DESKTOP-AOFSBVV,timestamp:1644988586
2022-02-16T14:17:24,839 - CPUUtilization.Percent:0.0|#Level:Host|#hostname:DESKTOP-AOFSBVV,timestamp:1644988644
2022-02-16T14:17:24,841 - DiskAvailable.Gigabytes:13.28622055053711|#Level:Host|#hostname:DESKTOP-AOFSBVV,timestamp:1644988644
2022-02-16T14:17:24,845 - DiskUsage.Gigabytes:219.55850219726562|#Level:Host|#hostname:DESKTOP-AOFSBVV,timestamp:1644988644
2022-02-16T14:17:24,847 - DiskUtilization.Percent:94.3|#Level:Host|#hostname:DESKTOP-AOFSBVV,timestamp:1644988644
2022-02-16T14:17:24,855 - MemoryAvailable.Megabytes:4394.52734375|#Level:Host|#hostname:DESKTOP-AOFSBVV,timestamp:1644988644
2022-02-16T14:17:24,857 - MemoryUsed.Megabytes:11783.50390625|#Level:Host|#hostname:DESKTOP-AOFSBVV,timestamp:1644988644
2022-02-16T14:17:24,859 - MemoryUtilization.Percent:72.8|#Level:Host|#hostname:DESKTOP-AOFSBVV,timestamp:1644988644
2022-02-16T15:22:05,758 - CPUUtilization.Percent:100.0|#Level:Host|#hostname:DESKTOP-AOFSBVV,timestamp:1644992525
2022-02-16T15:22:05,760 - DiskAvailable.Gigabytes:12.811569213867188|#Level:Host|#hostname:DESKTOP-AOFSBVV,timestamp:1644992525
2022-02-16T15:22:05,768 - DiskUsage.Gigabytes:220.03315353393555|#Level:Host|#hostname:DESKTOP-AOFSBVV,timestamp:1644992525
2022-02-16T15:22:05,770 - DiskUtilization.Percent:94.5|#Level:Host|#hostname:DESKTOP-AOFSBVV,timestamp:1644992525
2022-02-16T15:22:05,771 - MemoryAvailable.Megabytes:2238.7578125|#Level:Host|#hostname:DESKTOP-AOFSBVV,timestamp:1644992525
2022-02-16T15:22:05,773 - MemoryUsed.Megabytes:13939.2734375|#Level:Host|#hostname:DESKTOP-AOFSBVV,timestamp:1644992525
2022-02-16T15:22:05,775 - MemoryUtilization.Percent:86.2|#Level:Host|#hostname:DESKTOP-AOFSBVV,timestamp:1644992525
2022-02-16T15:23:02,323 - CPUUtilization.Percent:0.0|#Level:Host|#hostname:DESKTOP-AOFSBVV,timestamp:1644992582
2022-02-16T15:23:02,325 - DiskAvailable.Gigabytes:12.811477661132812|#Level:Host|#hostname:DESKTOP-AOFSBVV,timestamp:1644992582
2022-02-16T15:23:02,330 - DiskUsage.Gigabytes:220.03324508666992|#Level:Host|#hostname:DESKTOP-AOFSBVV,timestamp:1644992582
2022-02-16T15:23:02,333 - DiskUtilization.Percent:94.5|#Level:Host|#hostname:DESKTOP-AOFSBVV,timestamp:1644992582
2022-02-16T15:23:02,335 - MemoryAvailable.Megabytes:3076.546875|#Level:Host|#hostname:DESKTOP-AOFSBVV,timestamp:1644992582
2022-02-16T15:23:02,337 - MemoryUsed.Megabytes:13101.48828125|#Level:Host|#hostname:DESKTOP-AOFSBVV,timestamp:1644992582
2022-02-16T15:23:02,339 - MemoryUtilization.Percent:81.0|#Level:Host|#hostname:DESKTOP-AOFSBVV,timestamp:1644992582
2022-02-16T15:46:48,548 - CPUUtilization.Percent:100.0|#Level:Host|#hostname:DESKTOP-AOFSBVV,timestamp:1644994008
2022-02-16T15:46:48,550 - DiskAvailable.Gigabytes:12.35219955444336|#Level:Host|#hostname:DESKTOP-AOFSBVV,timestamp:1644994008
2022-02-16T15:46:48,554 - DiskUsage.Gigabytes:220.49252319335938|#Level:Host|#hostname:DESKTOP-AOFSBVV,timestamp:1644994008
2022-02-16T15:46:48,556 - DiskUtilization.Percent:94.7|#Level:Host|#hostname:DESKTOP-AOFSBVV,timestamp:1644994008
2022-02-16T15:46:48,557 - MemoryAvailable.Megabytes:5235.75|#Level:Host|#hostname:DESKTOP-AOFSBVV,timestamp:1644994008
2022-02-16T15:46:48,559 - MemoryUsed.Megabytes:10942.34765625|#Level:Host|#hostname:DESKTOP-AOFSBVV,timestamp:1644994008
2022-02-16T15:46:48,561 - MemoryUtilization.Percent:67.6|#Level:Host|#hostname:DESKTOP-AOFSBVV,timestamp:1644994008
2022-02-16T15:47:16,338 - W-9003-sentencemoji_1.0.ms:31467|#Level:Host|#hostname:DESKTOP-AOFSBVV,timestamp:1644994036
2022-02-16T15:47:16,339 - WorkerThreadTime.ms:43|#Level:Host|#hostname:DESKTOP-AOFSBVV,timestamp:null
2022-02-16T15:47:16,665 - W-9000-sentencemoji_1.0.ms:31800|#Level:Host|#hostname:DESKTOP-AOFSBVV,timestamp:1644994036
2022-02-16T15:47:16,729 - WorkerThreadTime.ms:168|#Level:Host|#hostname:DESKTOP-AOFSBVV,timestamp:null
2022-02-16T15:47:16,781 - W-9007-sentencemoji_1.0.ms:31910|#Level:Host|#hostname:DESKTOP-AOFSBVV,timestamp:1644994036
2022-02-16T15:47:16,783 - WorkerThreadTime.ms:39|#Level:Host|#hostname:DESKTOP-AOFSBVV,timestamp:null
2022-02-16T15:47:17,177 - W-9005-sentencemoji_1.0.ms:32306|#Level:Host|#hostname:DESKTOP-AOFSBVV,timestamp:1644994037
2022-02-16T15:47:17,179 - WorkerThreadTime.ms:34|#Level:Host|#hostname:DESKTOP-AOFSBVV,timestamp:null
2022-02-16T15:47:17,450 - W-9006-sentencemoji_1.0.ms:32578|#Level:Host|#hostname:DESKTOP-AOFSBVV,timestamp:1644994037
2022-02-16T15:47:17,452 - WorkerThreadTime.ms:33|#Level:Host|#hostname:DESKTOP-AOFSBVV,timestamp:null
2022-02-16T15:47:17,567 - W-9002-sentencemoji_1.0.ms:32697|#Level:Host|#hostname:DESKTOP-AOFSBVV,timestamp:1644994037
2022-02-16T15:47:17,569 - WorkerThreadTime.ms:32|#Level:Host|#hostname:DESKTOP-AOFSBVV,timestamp:null
2022-02-16T15:47:18,039 - W-9004-sentencemoji_1.0.ms:33168|#Level:Host|#hostname:DESKTOP-AOFSBVV,timestamp:1644994038
2022-02-16T15:47:18,041 - WorkerThreadTime.ms:33|#Level:Host|#hostname:DESKTOP-AOFSBVV,timestamp:null
2022-02-16T15:47:18,387 - W-9001-sentencemoji_1.0.ms:33517|#Level:Host|#hostname:DESKTOP-AOFSBVV,timestamp:1644994038
2022-02-16T15:47:18,393 - WorkerThreadTime.ms:92|#Level:Host|#hostname:DESKTOP-AOFSBVV,timestamp:null
2022-02-16T15:47:47,306 - CPUUtilization.Percent:0.0|#Level:Host|#hostname:DESKTOP-AOFSBVV,timestamp:1644994067
2022-02-16T15:47:47,308 - DiskAvailable.Gigabytes:12.353618621826172|#Level:Host|#hostname:DESKTOP-AOFSBVV,timestamp:1644994067
2022-02-16T15:47:47,312 - DiskUsage.Gigabytes:220.49110412597656|#Level:Host|#hostname:DESKTOP-AOFSBVV,timestamp:1644994067
2022-02-16T15:47:47,313 - DiskUtilization.Percent:94.7|#Level:Host|#hostname:DESKTOP-AOFSBVV,timestamp:1644994067
2022-02-16T15:47:47,315 - MemoryAvailable.Megabytes:1299.6328125|#Level:Host|#hostname:DESKTOP-AOFSBVV,timestamp:1644994067
2022-02-16T15:47:47,317 - MemoryUsed.Megabytes:14878.3984375|#Level:Host|#hostname:DESKTOP-AOFSBVV,timestamp:1644994067
2022-02-16T15:47:47,318 - MemoryUtilization.Percent:92.0|#Level:Host|#hostname:DESKTOP-AOFSBVV,timestamp:1644994067
2022-02-16T15:48:47,229 - CPUUtilization.Percent:0.0|#Level:Host|#hostname:DESKTOP-AOFSBVV,timestamp:1644994127
2022-02-16T15:48:47,230 - DiskAvailable.Gigabytes:12.356266021728516|#Level:Host|#hostname:DESKTOP-AOFSBVV,timestamp:1644994127
2022-02-16T15:48:47,231 - DiskUsage.Gigabytes:220.48845672607422|#Level:Host|#hostname:DESKTOP-AOFSBVV,timestamp:1644994127
2022-02-16T15:48:47,232 - DiskUtilization.Percent:94.7|#Level:Host|#hostname:DESKTOP-AOFSBVV,timestamp:1644994127
2022-02-16T15:48:47,232 - MemoryAvailable.Megabytes:1272.90234375|#Level:Host|#hostname:DESKTOP-AOFSBVV,timestamp:1644994127
2022-02-16T15:48:47,233 - MemoryUsed.Megabytes:14905.12890625|#Level:Host|#hostname:DESKTOP-AOFSBVV,timestamp:1644994127
2022-02-16T15:48:47,235 - MemoryUtilization.Percent:92.1|#Level:Host|#hostname:DESKTOP-AOFSBVV,timestamp:1644994127
2022-02-16T15:49:47,228 - CPUUtilization.Percent:0.0|#Level:Host|#hostname:DESKTOP-AOFSBVV,timestamp:1644994187
2022-02-16T15:51:20,713 - DiskAvailable.Gigabytes:12.355602264404297|#Level:Host|#hostname:DESKTOP-AOFSBVV,timestamp:1644994187
2022-02-16T15:51:20,721 - DiskUsage.Gigabytes:220.48912048339844|#Level:Host|#hostname:DESKTOP-AOFSBVV,timestamp:1644994187
2022-02-16T15:51:20,721 - DiskUtilization.Percent:94.7|#Level:Host|#hostname:DESKTOP-AOFSBVV,timestamp:1644994187
2022-02-16T15:51:20,722 - MemoryAvailable.Megabytes:1266.96875|#Level:Host|#hostname:DESKTOP-AOFSBVV,timestamp:1644994187
2022-02-16T15:51:20,724 - MemoryUsed.Megabytes:14910.76953125|#Level:Host|#hostname:DESKTOP-AOFSBVV,timestamp:1644994187
2022-02-16T15:51:20,726 - MemoryUtilization.Percent:92.2|#Level:Host|#hostname:DESKTOP-AOFSBVV,timestamp:1644994187
2022-02-16T15:51:21,503 - CPUUtilization.Percent:0.0|#Level:Host|#hostname:DESKTOP-AOFSBVV,timestamp:1644994281
2022-02-16T15:51:21,504 - DiskAvailable.Gigabytes:12.366111755371094|#Level:Host|#hostname:DESKTOP-AOFSBVV,timestamp:1644994281
2022-02-16T15:51:21,508 - DiskUsage.Gigabytes:220.47861099243164|#Level:Host|#hostname:DESKTOP-AOFSBVV,timestamp:1644994281
2022-02-16T15:51:21,510 - DiskUtilization.Percent:94.7|#Level:Host|#hostname:DESKTOP-AOFSBVV,timestamp:1644994281
2022-02-16T15:51:21,512 - MemoryAvailable.Megabytes:1263.6484375|#Level:Host|#hostname:DESKTOP-AOFSBVV,timestamp:1644994281
2022-02-16T15:51:21,514 - MemoryUsed.Megabytes:14914.3828125|#Level:Host|#hostname:DESKTOP-AOFSBVV,timestamp:1644994281
2022-02-16T15:51:21,515 - MemoryUtilization.Percent:92.2|#Level:Host|#hostname:DESKTOP-AOFSBVV,timestamp:1644994281
2022-02-16T15:51:47,243 - CPUUtilization.Percent:0.0|#Level:Host|#hostname:DESKTOP-AOFSBVV,timestamp:1644994307
2022-02-16T15:53:35,143 - DiskAvailable.Gigabytes:12.36606216430664|#Level:Host|#hostname:DESKTOP-AOFSBVV,timestamp:1644994307
2022-02-16T15:53:35,153 - DiskUsage.Gigabytes:220.4786605834961|#Level:Host|#hostname:DESKTOP-AOFSBVV,timestamp:1644994307
2022-02-16T15:53:35,159 - DiskUtilization.Percent:94.7|#Level:Host|#hostname:DESKTOP-AOFSBVV,timestamp:1644994307
2022-02-16T15:53:35,167 - MemoryAvailable.Megabytes:1235.9296875|#Level:Host|#hostname:DESKTOP-AOFSBVV,timestamp:1644994307
2022-02-16T15:53:35,169 - MemoryUsed.Megabytes:14942.1015625|#Level:Host|#hostname:DESKTOP-AOFSBVV,timestamp:1644994307
2022-02-16T15:53:35,173 - MemoryUtilization.Percent:92.4|#Level:Host|#hostname:DESKTOP-AOFSBVV,timestamp:1644994307
2022-02-16T15:53:35,613 - Requests2XX.Count:1|#Level:Host|#hostname:DESKTOP-AOFSBVV,timestamp:null
2022-02-16T15:53:35,620 - QueueTime.ms:0|#Level:Host|#hostname:DESKTOP-AOFSBVV,timestamp:null
2022-02-16T15:53:35,622 - WorkerThreadTime.ms:22564|#Level:Host|#hostname:DESKTOP-AOFSBVV,timestamp:null
2022-02-16T15:53:36,051 - CPUUtilization.Percent:0.0|#Level:Host|#hostname:DESKTOP-AOFSBVV,timestamp:1644994416
2022-02-16T15:53:36,052 - DiskAvailable.Gigabytes:12.366790771484375|#Level:Host|#hostname:DESKTOP-AOFSBVV,timestamp:1644994416
2022-02-16T15:53:36,057 - DiskUsage.Gigabytes:220.47793197631836|#Level:Host|#hostname:DESKTOP-AOFSBVV,timestamp:1644994416
2022-02-16T15:53:36,060 - DiskUtilization.Percent:94.7|#Level:Host|#hostname:DESKTOP-AOFSBVV,timestamp:1644994416
2022-02-16T15:53:36,062 - MemoryAvailable.Megabytes:885.1875|#Level:Host|#hostname:DESKTOP-AOFSBVV,timestamp:1644994416
2022-02-16T15:53:36,063 - MemoryUsed.Megabytes:15292.84375|#Level:Host|#hostname:DESKTOP-AOFSBVV,timestamp:1644994416
2022-02-16T15:53:36,070 - MemoryUtilization.Percent:94.5|#Level:Host|#hostname:DESKTOP-AOFSBVV,timestamp:1644994416
